[02:08:44.966] [INFO] storybook v10.4.2
[02:08:45.346] [DEBUG] Command "yarn.cmd" not found, trying next variation...
[02:08:45.423] [DEBUG] Command "yarn.exe" not found, trying next variation...
[02:08:45.506] [DEBUG] Command "yarn.ps1" not found, trying next variation...
[02:08:45.658] [DEBUG] Command "pnpm.cmd" not found, trying next variation...
[02:08:45.732] [DEBUG] Command "pnpm.exe" not found, trying next variation...
[02:08:45.807] [DEBUG] Command "pnpm.ps1" not found, trying next variation...
[02:08:46.387] [DEBUG] Getting package.json info for C:/Workspace/GoogleDocsToHTML/GoogleDocsToHTML/package.json...
[02:08:46.390] [WARN] You are currently using Storybook [1m10.4.2[22m but you have packages which are incompatible with it:

- @storybook/blocks@8.6.18 which depends on ^8.6.18
 Repo: https://github.com/storybookjs/storybook/tree/next/code/lib/blocks

Please consider updating your packages or contacting the maintainers for compatibility details.

For more details on compatibility guidance, see:
https://github.com/storybookjs/storybook/issues/32836
[02:08:48.090] [INFO] Starting...
[02:08:48.388] [DEBUG] Starting preview..
[02:08:48.454] [INFO] Addon-docs: using MDX3
[02:08:48.531] [INFO] Using implicit CSS loaders
[02:08:48.556] [INFO] Using default Webpack5 setup
[02:08:49.945] [DEBUG] Using tsconfig paths for react-docgen
[02:08:54.563] [ERROR] Failed to build the preview
[02:08:54.567] [WARN] Force closed preview build
[02:08:54.572] [ERROR] [38;2;241;97;97mSB_BUILDER-WEBPACK5_0003 (WebpackCompilationError): There were problems when compiling your code with Webpack.
Run Storybook with --debug-webpack for more information.[39m
    at starter (file:///C:/Workspace/GoogleDocsToHTML/GoogleDocsToHTML/node_modules/@storybook/builder-webpack5/dist/index.js:857:11)
    at starter.next (<anonymous>)
    at Module.start (file:///C:/Workspace/GoogleDocsToHTML/GoogleDocsToHTML/node_modules/@storybook/builder-webpack5/dist/index.js:915:34)
    at process.processTicksAndRejections (node:internal/process/task_queues:105:5)
    at async storybookDevServer (file:///C:/Workspace/GoogleDocsToHTML/GoogleDocsToHTML/node_modules/storybook/dist/core-server/index.js:18917:158)
    at async buildOrThrow (file:///C:/Workspace/GoogleDocsToHTML/GoogleDocsToHTML/node_modules/storybook/dist/core-server/index.js:8205:12)
    at async buildDevStandalone (file:///C:/Workspace/GoogleDocsToHTML/GoogleDocsToHTML/node_modules/storybook/dist/core-server/index.js:19478:41)
    at async withTelemetry (file:///C:/Workspace/GoogleDocsToHTML/GoogleDocsToHTML/node_modules/storybook/dist/_node-chunks/chunk-PU4IASEN.js:655:12)
    at async dev (file:///C:/Workspace/GoogleDocsToHTML/GoogleDocsToHTML/node_modules/storybook/dist/bin/core.js:2735:3)
    at async _Command.<anonymous> (file:///C:/Workspace/GoogleDocsToHTML/GoogleDocsToHTML/node_modules/storybook/dist/bin/core.js:2805:92)
[02:08:54.588] [WARN] Broken build, fix the error above.
You may need to refresh the browser.